INFO 2025-09-19 16:17:53,294 autoreload 49556 8504838144 Watching for file changes with StatReloader
INFO 2025-09-19 16:18:05,149 basehttp 49556 6207401984 "GET /api/chat/folders/ HTTP/1.1" 200 2
INFO 2025-09-19 16:18:05,163 basehttp 49556 6224801792 "GET /api/chat/folders/ HTTP/1.1" 200 2
INFO 2025-09-19 16:18:05,163 basehttp 49556 6173749248 "GET /api/analytics/subscription-stats/?start_date=2025-08-20&end_date=2025-09-19 HTTP/1.1" 200 181
INFO 2025-09-19 16:18:05,166 basehttp 49556 6190575616 "GET /api/chat/conversations/ HTTP/1.1" 200 4852
INFO 2025-09-19 16:18:05,186 basehttp 49556 6224801792 "GET /api/chat/conversations/ HTTP/1.1" 200 4852
INFO 2025-09-19 16:18:05,238 basehttp 49556 6156922880 "GET /api/analytics/dashboard/?start_date=2025-08-20&end_date=2025-09-19 HTTP/1.1" 200 5172
INFO 2025-09-19 16:18:06,845 basehttp 49556 6173749248 "GET /api/chat/folders/ HTTP/1.1" 200 2
INFO 2025-09-19 16:18:06,851 basehttp 49556 6224801792 "GET /api/analytics/subscription-stats/?start_date=2025-08-20&end_date=2025-09-19 HTTP/1.1" 200 181
INFO 2025-09-19 16:18:06,860 basehttp 49556 6207401984 "GET /api/chat/folders/ HTTP/1.1" 200 2
INFO 2025-09-19 16:18:06,862 basehttp 49556 6190575616 "GET /api/chat/conversations/ HTTP/1.1" 200 4852
INFO 2025-09-19 16:18:06,878 basehttp 49556 6207401984 "GET /api/chat/conversations/ HTTP/1.1" 200 4852
INFO 2025-09-19 16:18:06,924 basehttp 49556 6156922880 "GET /api/analytics/dashboard/?start_date=2025-08-20&end_date=2025-09-19 HTTP/1.1" 200 5172
INFO 2025-09-19 16:18:11,310 basehttp 49556 6224801792 "GET /api/chat/folders/ HTTP/1.1" 200 2
INFO 2025-09-19 16:18:11,314 basehttp 49556 6207401984 "GET /api/analytics/subscription-stats/?start_date=2025-08-20&end_date=2025-09-19 HTTP/1.1" 200 181
INFO 2025-09-19 16:18:11,322 basehttp 49556 6173749248 "GET /api/chat/folders/ HTTP/1.1" 200 2
INFO 2025-09-19 16:18:11,327 basehttp 49556 6190575616 "GET /api/chat/conversations/ HTTP/1.1" 200 4852
INFO 2025-09-19 16:18:11,344 basehttp 49556 6173749248 "GET /api/chat/conversations/ HTTP/1.1" 200 4852
INFO 2025-09-19 16:18:11,388 basehttp 49556 6156922880 "GET /api/analytics/dashboard/?start_date=2025-08-20&end_date=2025-09-19 HTTP/1.1" 200 5172
INFO 2025-09-19 16:18:14,636 basehttp 49556 6207401984 "GET /api/chat/folders/ HTTP/1.1" 200 2
INFO 2025-09-19 16:18:14,646 basehttp 49556 6173749248 "GET /api/analytics/subscription-stats/?start_date=2025-08-20&end_date=2025-09-19 HTTP/1.1" 200 181
INFO 2025-09-19 16:18:14,654 basehttp 49556 6224801792 "GET /api/chat/folders/ HTTP/1.1" 200 2
INFO 2025-09-19 16:18:14,656 basehttp 49556 6190575616 "GET /api/chat/conversations/ HTTP/1.1" 200 4852
INFO 2025-09-19 16:18:14,678 basehttp 49556 6224801792 "GET /api/chat/conversations/ HTTP/1.1" 200 4852
INFO 2025-09-19 16:18:14,736 basehttp 49556 6156922880 "GET /api/analytics/dashboard/?start_date=2025-08-20&end_date=2025-09-19 HTTP/1.1" 200 5172
INFO 2025-09-19 16:18:20,189 basehttp 49556 6224801792 "GET /api/analytics/subscription-stats/?start_date=2025-08-20&end_date=2025-09-19 HTTP/1.1" 200 181
INFO 2025-09-19 16:18:20,300 basehttp 49556 6156922880 "GET /api/analytics/dashboard/?start_date=2025-08-20&end_date=2025-09-19 HTTP/1.1" 200 5172
INFO 2025-09-19 16:18:51,068 basehttp 49556 6224801792 "GET /api/analytics/subscription-stats/?start_date=2025-08-20&end_date=2025-09-19 HTTP/1.1" 200 181
INFO 2025-09-19 16:18:51,125 basehttp 49556 6156922880 "GET /api/analytics/dashboard/?start_date=2025-08-20&end_date=2025-09-19 HTTP/1.1" 200 5172
INFO 2025-09-19 16:19:21,070 basehttp 49556 6224801792 "GET /api/analytics/subscription-stats/?start_date=2025-08-20&end_date=2025-09-19 HTTP/1.1" 200 181
INFO 2025-09-19 16:19:21,136 basehttp 49556 6156922880 "GET /api/analytics/dashboard/?start_date=2025-08-20&end_date=2025-09-19 HTTP/1.1" 200 5172
INFO 2025-09-19 16:19:51,065 basehttp 49556 6224801792 "GET /api/analytics/subscription-stats/?start_date=2025-08-20&end_date=2025-09-19 HTTP/1.1" 200 181
INFO 2025-09-19 16:19:51,156 basehttp 49556 6156922880 "GET /api/analytics/dashboard/?start_date=2025-08-20&end_date=2025-09-19 HTTP/1.1" 200 5172
INFO 2025-09-19 16:20:21,062 basehttp 49556 6224801792 "GET /api/analytics/subscription-stats/?start_date=2025-08-20&end_date=2025-09-19 HTTP/1.1" 200 181
INFO 2025-09-19 16:20:21,151 basehttp 49556 6156922880 "GET /api/analytics/dashboard/?start_date=2025-08-20&end_date=2025-09-19 HTTP/1.1" 200 5172
INFO 2025-09-19 16:20:51,087 basehttp 49556 6224801792 "GET /api/analytics/subscription-stats/?start_date=2025-08-20&end_date=2025-09-19 HTTP/1.1" 200 181
INFO 2025-09-19 16:20:51,158 basehttp 49556 6156922880 "GET /api/analytics/dashboard/?start_date=2025-08-20&end_date=2025-09-19 HTTP/1.1" 200 5172
INFO 2025-09-19 16:21:41,091 basehttp 49556 6224801792 "GET /api/analytics/subscription-stats/?start_date=2025-08-20&end_date=2025-09-19 HTTP/1.1" 200 181
INFO 2025-09-19 16:21:41,237 basehttp 49556 6156922880 "GET /api/analytics/dashboard/?start_date=2025-08-20&end_date=2025-09-19 HTTP/1.1" 200 5172
INFO 2025-09-19 16:21:59,884 basehttp 49556 6224801792 "GET /api/analytics/subscription-stats/?start_date=2025-08-20&end_date=2025-09-19 HTTP/1.1" 200 181
INFO 2025-09-19 16:21:59,946 basehttp 49556 6156922880 "GET /api/analytics/dashboard/?start_date=2025-08-20&end_date=2025-09-19 HTTP/1.1" 200 5172
INFO 2025-09-19 16:22:03,520 basehttp 49556 6173749248 "GET /api/chat/folders/ HTTP/1.1" 200 2
INFO 2025-09-19 16:22:03,523 basehttp 49556 6224801792 "GET /api/analytics/subscription-stats/?start_date=2025-08-20&end_date=2025-09-19 HTTP/1.1" 200 181
INFO 2025-09-19 16:22:03,526 basehttp 49556 6190575616 "GET /api/chat/conversations/ HTTP/1.1" 200 4852
INFO 2025-09-19 16:22:03,531 basehttp 49556 6207401984 "GET /api/chat/folders/ HTTP/1.1" 200 2
INFO 2025-09-19 16:22:03,546 basehttp 49556 6224801792 "GET /api/chat/conversations/ HTTP/1.1" 200 4852
INFO 2025-09-19 16:22:03,601 basehttp 49556 6156922880 "GET /api/analytics/dashboard/?start_date=2025-08-20&end_date=2025-09-19 HTTP/1.1" 200 5172
INFO 2025-09-19 16:22:04,951 basehttp 49556 6190575616 "GET /api/chat/folders/ HTTP/1.1" 200 2
INFO 2025-09-19 16:22:04,956 basehttp 49556 6224801792 "GET /api/analytics/subscription-stats/?start_date=2025-08-20&end_date=2025-09-19 HTTP/1.1" 200 181
INFO 2025-09-19 16:22:04,975 basehttp 49556 6173749248 "GET /api/chat/folders/ HTTP/1.1" 200 2
INFO 2025-09-19 16:22:04,977 basehttp 49556 6207401984 "GET /api/chat/conversations/ HTTP/1.1" 200 4852
INFO 2025-09-19 16:22:04,993 basehttp 49556 6173749248 "GET /api/chat/conversations/ HTTP/1.1" 200 4852
INFO 2025-09-19 16:22:05,063 basehttp 49556 6156922880 "GET /api/analytics/dashboard/?start_date=2025-08-20&end_date=2025-09-19 HTTP/1.1" 200 5172
INFO 2025-09-19 16:22:06,019 basehttp 49556 6224801792 "GET /api/chat/folders/ HTTP/1.1" 200 2
INFO 2025-09-19 16:22:06,025 basehttp 49556 6173749248 "GET /api/analytics/subscription-stats/?start_date=2025-08-20&end_date=2025-09-19 HTTP/1.1" 200 181
INFO 2025-09-19 16:22:06,037 basehttp 49556 6190575616 "GET /api/chat/folders/ HTTP/1.1" 200 2
INFO 2025-09-19 16:22:06,037 basehttp 49556 6207401984 "GET /api/chat/conversations/ HTTP/1.1" 200 4852
INFO 2025-09-19 16:22:06,053 basehttp 49556 6190575616 "GET /api/chat/conversations/ HTTP/1.1" 200 4852
INFO 2025-09-19 16:22:06,108 basehttp 49556 6156922880 "GET /api/analytics/dashboard/?start_date=2025-08-20&end_date=2025-09-19 HTTP/1.1" 200 5172
INFO 2025-09-19 16:22:07,184 basehttp 49556 6173749248 "GET /api/chat/folders/ HTTP/1.1" 200 2
INFO 2025-09-19 16:22:07,188 basehttp 49556 6190575616 "GET /api/analytics/subscription-stats/?start_date=2025-08-20&end_date=2025-09-19 HTTP/1.1" 200 181
INFO 2025-09-19 16:22:07,198 basehttp 49556 6224801792 "GET /api/chat/folders/ HTTP/1.1" 200 2
INFO 2025-09-19 16:22:07,200 basehttp 49556 6207401984 "GET /api/chat/conversations/ HTTP/1.1" 200 4852
INFO 2025-09-19 16:22:07,215 basehttp 49556 6224801792 "GET /api/chat/conversations/ HTTP/1.1" 200 4852
INFO 2025-09-19 16:22:07,259 basehttp 49556 6156922880 "GET /api/analytics/dashboard/?start_date=2025-08-20&end_date=2025-09-19 HTTP/1.1" 200 5172
INFO 2025-09-19 16:22:08,411 basehttp 49556 6190575616 "GET /api/chat/folders/ HTTP/1.1" 200 2
INFO 2025-09-19 16:22:08,416 basehttp 49556 6224801792 "GET /api/analytics/subscription-stats/?start_date=2025-08-20&end_date=2025-09-19 HTTP/1.1" 200 181
INFO 2025-09-19 16:22:08,419 basehttp 49556 6173749248 "GET /api/chat/folders/ HTTP/1.1" 200 2
INFO 2025-09-19 16:22:08,421 basehttp 49556 6207401984 "GET /api/chat/conversations/ HTTP/1.1" 200 4852
INFO 2025-09-19 16:22:08,439 basehttp 49556 6173749248 "GET /api/chat/conversations/ HTTP/1.1" 200 4852
INFO 2025-09-19 16:22:08,482 basehttp 49556 6156922880 "GET /api/analytics/dashboard/?start_date=2025-08-20&end_date=2025-09-19 HTTP/1.1" 200 5172
INFO 2025-09-19 16:22:09,683 basehttp 49556 6224801792 "GET /api/chat/folders/ HTTP/1.1" 200 2
INFO 2025-09-19 16:22:09,692 basehttp 49556 6173749248 "GET /api/analytics/subscription-stats/?start_date=2025-08-20&end_date=2025-09-19 HTTP/1.1" 200 181
INFO 2025-09-19 16:22:09,699 basehttp 49556 6190575616 "GET /api/chat/folders/ HTTP/1.1" 200 2
INFO 2025-09-19 16:22:09,702 basehttp 49556 6207401984 "GET /api/chat/conversations/ HTTP/1.1" 200 4852
INFO 2025-09-19 16:22:09,718 basehttp 49556 6190575616 "GET /api/chat/conversations/ HTTP/1.1" 200 4852
INFO 2025-09-19 16:22:09,765 basehttp 49556 6156922880 "GET /api/analytics/dashboard/?start_date=2025-08-20&end_date=2025-09-19 HTTP/1.1" 200 5172
INFO 2025-09-19 16:22:11,047 basehttp 49556 6173749248 "GET /api/chat/folders/ HTTP/1.1" 200 2
INFO 2025-09-19 16:22:11,051 basehttp 49556 6190575616 "GET /api/analytics/subscription-stats/?start_date=2025-08-20&end_date=2025-09-19 HTTP/1.1" 200 181
INFO 2025-09-19 16:22:11,066 basehttp 49556 6173749248 "GET /api/chat/folders/ HTTP/1.1" 200 2
INFO 2025-09-19 16:22:11,069 basehttp 49556 6207401984 "GET /api/chat/conversations/ HTTP/1.1" 200 4852
INFO 2025-09-19 16:22:11,085 basehttp 49556 6173749248 "GET /api/chat/conversations/ HTTP/1.1" 200 4852
INFO 2025-09-19 16:22:11,128 basehttp 49556 6156922880 "GET /api/analytics/dashboard/?start_date=2025-08-20&end_date=2025-09-19 HTTP/1.1" 200 5172
INFO 2025-09-19 16:22:12,359 basehttp 49556 6173749248 "GET /api/chat/folders/ HTTP/1.1" 200 2
INFO 2025-09-19 16:22:12,377 basehttp 49556 6207401984 "GET /api/chat/folders/ HTTP/1.1" 200 2
INFO 2025-09-19 16:22:12,380 basehttp 49556 6156922880 "GET /api/chat/conversations/ HTTP/1.1" 200 4852
INFO 2025-09-19 16:22:12,405 basehttp 49556 6207401984 "GET /api/chat/conversations/ HTTP/1.1" 200 4852
INFO 2025-09-19 16:22:38,015 services 49556 6207401984 Storage directory ready: /Users/bro/PROJECTS/boltfarmon/farmon/farmon-be/media/uploads
INFO 2025-09-19 16:22:38,022 services 49556 6207401984 Successfully uploaded file: 1463470_Homewood Phase 1C - Homewood Mtn Resorts - Rain Event Action Plan 9-18-25_c6ca1768.pdf
INFO 2025-09-19 16:22:38,024 services 49556 6207401984 File uploaded successfully: 0c8e2b33-d9d4-4296-9b5b-610e8b1e6c7a
INFO 2025-09-19 16:23:25,328 basehttp 49556 6173749248 "GET /api/chat/folders/ HTTP/1.1" 200 2
INFO 2025-09-19 16:23:25,339 basehttp 49556 6156922880 "GET /api/chat/conversations/ HTTP/1.1" 200 4852
INFO 2025-09-19 16:23:25,339 basehttp 49556 6190575616 "GET /api/chat/folders/ HTTP/1.1" 200 2
INFO 2025-09-19 16:23:25,360 basehttp 49556 6173749248 "GET /api/chat/conversations/ HTTP/1.1" 200 4852
INFO 2025-09-19 16:23:30,288 basehttp 49556 6173749248 "POST /api/chat/conversations/ HTTP/1.1" 201 310
INFO 2025-09-19 16:23:30,296 basehttp 49556 6190575616 "OPTIONS /api/chat/conversations/19aacd30-ed21-42d5-90d8-b89725c2144e/history/ HTTP/1.1" 200 0
INFO 2025-09-19 16:23:30,308 basehttp 49556 6190575616 "GET /api/chat/conversations/19aacd30-ed21-42d5-90d8-b89725c2144e/history/ HTTP/1.1" 200 2
INFO 2025-09-19 16:23:30,315 basehttp 49556 6173749248 "GET /api/chat/conversations/ HTTP/1.1" 200 5163
INFO 2025-09-19 16:23:30,323 basehttp 49556 6173749248 "OPTIONS /api/chat/stream/ HTTP/1.1" 200 0
INFO 2025-09-19 16:23:30,335 views 49556 6173749248 ChatStreamView POST called by user: bro (bro1 sultan)
INFO 2025-09-19 16:23:30,336 views 49556 6173749248 Request data: {'message': 'hi bro', 'conversation_id': '19aacd30-ed21-42d5-90d8-b89725c2144e', 'user_info': {'email': 'oshomurotov@omadligroup.com'}}
INFO 2025-09-19 16:23:30,338 views 49556 6173749248 Serializer validated data: OrderedDict({'message': 'hi bro', 'conversation_id': UUID('19aacd30-ed21-42d5-90d8-b89725c2144e'), 'user_info': {'email': 'oshomurotov@omadligroup.com'}})
INFO 2025-09-19 16:23:30,338 views 49556 6173749248 Starting generate_stream function
INFO 2025-09-19 16:23:30,338 views 49556 6173749248 About to call process_chat_message_stream
INFO 2025-09-19 16:23:30,346 notifications 49556 6173749248 Attempting to send notification: RAG API Call - Streaming_Chat - RAG API called by: oshomurotov@omadligroup.com
Question: hi bro
User ID: 1...
INFO 2025-09-19 16:23:30,762 notifications 49556 6173749248 Notification sent successfully: RAG API Call - Streaming_Chat - RAG API called by: oshomurotov@omadligroup.com
Que...
ERROR 2025-09-19 16:23:30,765 services 49556 6173749248 ASK DATA 2 ==========================: {'question': [{'message_type': 'user', 'content': 'hi bro'}], 'user_info': {'email': 'oshomurotov@omadligroup.com'}}
ERROR 2025-09-19 16:23:39,818 services 49556 6207401984 RAG file upload error: HTTPSConnectionPool(host='farmonpagerag.omadligrouphq.com', port=443): Read timed out. (read timeout=60)
INFO 2025-09-19 16:23:39,819 basehttp 49556 6207401984 - Broken pipe from ('127.0.0.1', 61126)
ERROR 2025-09-19 16:24:31,192 services 49556 6173749248 RAG API streaming request failed: HTTPSConnectionPool(host='farmonpagerag.omadligrouphq.com', port=443): Read timed out. (read timeout=60)
INFO 2025-09-19 16:24:31,193 notifications 49556 6173749248 Attempting to send notification: RAG API Error - Streaming - RAG API error for user: oshomurotov@omadligroup.com
Error: HTTPSConnectionPool(host='farmonpagerag.o...
INFO 2025-09-19 16:24:31,603 notifications 49556 6173749248 Notification sent successfully: RAG API Error - Streaming - RAG API error for user: oshomurotov@omadligroup.co...
INFO 2025-09-19 16:24:31,609 views 49556 6173749248 Stream completed with 1 chunks
INFO 2025-09-19 16:24:31,609 basehttp 49556 6173749248 "POST /api/chat/stream/ HTTP/1.1" 200 596
INFO 2025-09-19 16:24:31,687 basehttp 49556 6156922880 "GET /api/chat/conversations/19aacd30-ed21-42d5-90d8-b89725c2144e/history/ HTTP/1.1" 200 1093
INFO 2025-09-19 16:24:31,705 basehttp 49556 6190575616 "GET /api/chat/conversations/ HTTP/1.1" 200 5390
INFO 2025-09-19 16:24:42,565 views 49556 6190575616 ChatStreamView POST called by user: bro (bro1 sultan)
INFO 2025-09-19 16:24:42,566 views 49556 6190575616 Request data: {'message': 'hi bro', 'conversation_id': '19aacd30-ed21-42d5-90d8-b89725c2144e', 'user_info': {'email': 'oshomurotov@omadligroup.com'}}
INFO 2025-09-19 16:24:42,569 views 49556 6190575616 Serializer validated data: OrderedDict({'message': 'hi bro', 'conversation_id': UUID('19aacd30-ed21-42d5-90d8-b89725c2144e'), 'user_info': {'email': 'oshomurotov@omadligroup.com'}})
INFO 2025-09-19 16:24:42,570 views 49556 6190575616 Starting generate_stream function
INFO 2025-09-19 16:24:42,570 views 49556 6190575616 About to call process_chat_message_stream
INFO 2025-09-19 16:24:42,579 notifications 49556 6190575616 Attempting to send notification: RAG API Call - Streaming_Chat - RAG API called by: oshomurotov@omadligroup.com
Question: hi bro
User ID: 1...
INFO 2025-09-19 16:24:42,997 notifications 49556 6190575616 Notification sent successfully: RAG API Call - Streaming_Chat - RAG API called by: oshomurotov@omadligroup.com
Que...
ERROR 2025-09-19 16:24:42,999 services 49556 6190575616 ASK DATA 2 ==========================: {'question': [{'message_type': 'user', 'content': 'hi bro'}, {'message_type': 'assistant', 'content': 'Apologies, but that question seems too general or outside my trained scope based on internal documents. Please upload relevant documents first to get more specific answers.'}, {'message_type': 'user', 'content': 'hi bro'}], 'user_info': {'email': 'oshomurotov@omadligroup.com'}}
ERROR 2025-09-19 16:25:43,424 services 49556 6190575616 RAG API streaming request failed: HTTPSConnectionPool(host='farmonpagerag.omadligrouphq.com', port=443): Read timed out. (read timeout=60)
INFO 2025-09-19 16:25:43,425 notifications 49556 6190575616 Attempting to send notification: RAG API Error - Streaming - RAG API error for user: oshomurotov@omadligroup.com
Error: HTTPSConnectionPool(host='farmonpagerag.o...
INFO 2025-09-19 16:25:43,849 notifications 49556 6190575616 Notification sent successfully: RAG API Error - Streaming - RAG API error for user: oshomurotov@omadligroup.co...
INFO 2025-09-19 16:25:43,857 views 49556 6190575616 Stream completed with 1 chunks
INFO 2025-09-19 16:25:43,857 basehttp 49556 6190575616 "POST /api/chat/stream/ HTTP/1.1" 200 596
INFO 2025-09-19 16:25:43,923 basehttp 49556 6224228352 "GET /api/chat/conversations/19aacd30-ed21-42d5-90d8-b89725c2144e/history/ HTTP/1.1" 200 2185
INFO 2025-09-19 16:25:43,927 basehttp 49556 6156922880 "GET /api/chat/conversations/ HTTP/1.1" 200 5390
